{"/Users/jamespierce/super-basic/open-source/airtabler/src/airtablerRequest.ts": {"path":"/Users/jamespierce/super-basic/open-source/airtabler/src/airtablerRequest.ts","statementMap":{"0":{"start":{"line":1,"column":0},"end":{"line":1,"column":45}},"1":{"start":{"line":5,"column":2},"end":{"line":9,"column":5}},"2":{"start":{"line":4,"column":0},"end":{"line":4,"column":16}}},"fnMap":{"0":{"name":"airtablerRequest","decl":{"start":{"line":4,"column":16},"end":{"line":4,"column":32}},"loc":{"start":{"line":4,"column":73},"end":{"line":10,"column":1}}}},"branchMap":{},"s":{"0":3,"1":5,"2":3},"f":{"0":5},"b":{}}
,"/Users/jamespierce/super-basic/open-source/airtabler/src/baseUrl.ts": {"path":"/Users/jamespierce/super-basic/open-source/airtabler/src/baseUrl.ts","statementMap":{"0":{"start":{"line":2,"column":2},"end":{"line":2,"column":49}},"1":{"start":{"line":1,"column":0},"end":{"line":1,"column":16}}},"fnMap":{"0":{"name":"baseUrl","decl":{"start":{"line":1,"column":16},"end":{"line":1,"column":23}},"loc":{"start":{"line":1,"column":38},"end":{"line":3,"column":1}}}},"branchMap":{},"s":{"0":9,"1":4},"f":{"0":9},"b":{}}
,"/Users/jamespierce/super-basic/open-source/airtabler/src/index.ts": {"path":"/Users/jamespierce/super-basic/open-source/airtabler/src/index.ts","statementMap":{"0":{"start":{"line":1,"column":0},"end":{"line":1,"column":32}},"1":{"start":{"line":5,"column":18},"end":{"line":11,"column":2}},"2":{"start":{"line":7,"column":4},"end":{"line":9,"column":6}},"3":{"start":{"line":13,"column":0},"end":{"line":13,"column":25}}},"fnMap":{"0":{"name":"(anonymous_0)","decl":{"start":{"line":6,"column":8},"end":{"line":6,"column":9}},"loc":{"start":{"line":6,"column":36},"end":{"line":10,"column":3}}}},"branchMap":{},"s":{"0":2,"1":2,"2":2,"3":2},"f":{"0":2},"b":{}}
,"/Users/jamespierce/super-basic/open-source/airtabler/src/model.ts": {"path":"/Users/jamespierce/super-basic/open-source/airtabler/src/model.ts","statementMap":{"0":{"start":{"line":1,"column":0},"end":{"line":1,"column":36}},"1":{"start":{"line":2,"column":0},"end":{"line":2,"column":54}},"2":{"start":{"line":12,"column":2},"end":{"line":23,"column":4}},"3":{"start":{"line":12,"column":63},"end":{"line":23,"column":4}},"4":{"start":{"line":13,"column":4},"end":{"line":22,"column":null}},"5":{"start":{"line":14,"column":23},"end":{"line":14,"column":63}},"6":{"start":{"line":15,"column":6},"end":{"line":15,"column":33}},"7":{"start":{"line":18,"column":10},"end":{"line":18,"column":18}},"8":{"start":{"line":19,"column":6},"end":{"line":19,"column":21}},"9":{"start":{"line":21,"column":6},"end":{"line":21,"column":33}},"10":{"start":{"line":27,"column":2},"end":{"line":35,"column":4}},"11":{"start":{"line":27,"column":77},"end":{"line":35,"column":4}},"12":{"start":{"line":28,"column":4},"end":{"line":34,"column":null}},"13":{"start":{"line":29,"column":23},"end":{"line":29,"column":80}},"14":{"start":{"line":30,"column":31},"end":{"line":30,"column":39}},"15":{"start":{"line":31,"column":6},"end":{"line":31,"column":20}},"16":{"start":{"line":33,"column":6},"end":{"line":33,"column":33}},"17":{"start":{"line":39,"column":2},"end":{"line":48,"column":4}},"18":{"start":{"line":40,"column":21},"end":{"line":40,"column":61}},"19":{"start":{"line":42,"column":4},"end":{"line":47,"column":6}},"20":{"start":{"line":43,"column":23},"end":{"line":43,"column":32}},"21":{"start":{"line":44,"column":22},"end":{"line":44,"column":30}},"22":{"start":{"line":38,"column":0},"end":{"line":38,"column":16}}},"fnMap":{"0":{"name":"all","decl":{"start":{"line":11,"column":9},"end":{"line":11,"column":12}},"loc":{"start":{"line":11,"column":54},"end":{"line":24,"column":1}}},"1":{"name":"(anonymous_8)","decl":{"start":{"line":12,"column":9},"end":{"line":12,"column":61}},"loc":{"start":{"line":12,"column":63},"end":{"line":23,"column":4}}},"2":{"name":"(anonymous_9)","decl":{"start":{"line":12,"column":63},"end":{"line":12,"column":null}},"loc":{"start":{"line":12,"column":63},"end":{"line":23,"column":3}}},"3":{"name":"find","decl":{"start":{"line":26,"column":9},"end":{"line":26,"column":13}},"loc":{"start":{"line":26,"column":55},"end":{"line":36,"column":1}}},"4":{"name":"(anonymous_11)","decl":{"start":{"line":27,"column":9},"end":{"line":27,"column":16}},"loc":{"start":{"line":27,"column":77},"end":{"line":35,"column":4}}},"5":{"name":"(anonymous_12)","decl":{"start":{"line":27,"column":77},"end":{"line":27,"column":null}},"loc":{"start":{"line":27,"column":77},"end":{"line":35,"column":3}}},"6":{"name":"model","decl":{"start":{"line":38,"column":16},"end":{"line":38,"column":21}},"loc":{"start":{"line":38,"column":45},"end":{"line":49,"column":1}}},"7":{"name":"(anonymous_14)","decl":{"start":{"line":39,"column":9},"end":{"line":39,"column":10}},"loc":{"start":{"line":39,"column":38},"end":{"line":48,"column":3}}},"8":{"name":"(anonymous_15)","decl":{"start":{"line":43,"column":17},"end":{"line":43,"column":20}},"loc":{"start":{"line":43,"column":23},"end":{"line":43,"column":32}}},"9":{"name":"(anonymous_16)","decl":{"start":{"line":44,"column":16},"end":{"line":44,"column":19}},"loc":{"start":{"line":44,"column":22},"end":{"line":44,"column":30}}}},"branchMap":{},"s":{"0":2,"1":2,"2":6,"3":2,"4":2,"5":2,"6":1,"7":1,"8":1,"9":1,"10":6,"11":2,"12":2,"13":2,"14":1,"15":1,"16":1,"17":2,"18":6,"19":6,"20":1,"21":1,"22":2},"f":{"0":6,"1":2,"2":2,"3":6,"4":2,"5":2,"6":2,"7":6,"8":1,"9":1},"b":{}}
,"/Users/jamespierce/super-basic/open-source/airtabler/src/mocks/handlers.ts": {"path":"/Users/jamespierce/super-basic/open-source/airtabler/src/mocks/handlers.ts","statementMap":{"0":{"start":{"line":1,"column":0},"end":{"line":1,"column":40}},"1":{"start":{"line":3,"column":18},"end":{"line":3,"column":45}},"2":{"start":{"line":5,"column":17},"end":{"line":5,"column":82}},"3":{"start":{"line":7,"column":14},"end":{"line":15,"column":2}},"4":{"start":{"line":17,"column":29},"end":{"line":22,"column":2}},"5":{"start":{"line":24,"column":21},"end":{"line":29,"column":1}},"6":{"start":{"line":25,"column":2},"end":{"line":28,"column":4}},"7":{"start":{"line":31,"column":13},"end":{"line":95,"column":2}},"8":{"start":{"line":33,"column":4},"end":{"line":35,"column":null}},"9":{"start":{"line":34,"column":6},"end":{"line":34,"column":66}},"10":{"start":{"line":37,"column":4},"end":{"line":43,"column":6}},"11":{"start":{"line":46,"column":4},"end":{"line":48,"column":null}},"12":{"start":{"line":47,"column":6},"end":{"line":47,"column":66}},"13":{"start":{"line":50,"column":4},"end":{"line":58,"column":6}},"14":{"start":{"line":61,"column":4},"end":{"line":63,"column":null}},"15":{"start":{"line":62,"column":6},"end":{"line":62,"column":66}},"16":{"start":{"line":64,"column":4},"end":{"line":64,"column":49}},"17":{"start":{"line":67,"column":4},"end":{"line":69,"column":null}},"18":{"start":{"line":68,"column":6},"end":{"line":68,"column":66}},"19":{"start":{"line":71,"column":4},"end":{"line":71,"column":66}},"20":{"start":{"line":74,"column":4},"end":{"line":76,"column":null}},"21":{"start":{"line":75,"column":6},"end":{"line":75,"column":66}},"22":{"start":{"line":78,"column":4},"end":{"line":93,"column":6}}},"fnMap":{"0":{"name":"(anonymous_0)","decl":{"start":{"line":24,"column":21},"end":{"line":24,"column":22}},"loc":{"start":{"line":24,"column":51},"end":{"line":29,"column":1}}},"1":{"name":"(anonymous_1)","decl":{"start":{"line":32,"column":33},"end":{"line":32,"column":34}},"loc":{"start":{"line":32,"column":51},"end":{"line":44,"column":3}}},"2":{"name":"(anonymous_2)","decl":{"start":{"line":45,"column":32},"end":{"line":45,"column":33}},"loc":{"start":{"line":45,"column":50},"end":{"line":59,"column":3}}},"3":{"name":"(anonymous_3)","decl":{"start":{"line":60,"column":45},"end":{"line":60,"column":46}},"loc":{"start":{"line":60,"column":63},"end":{"line":65,"column":3}}},"4":{"name":"(anonymous_4)","decl":{"start":{"line":66,"column":35},"end":{"line":66,"column":36}},"loc":{"start":{"line":66,"column":53},"end":{"line":72,"column":3}}},"5":{"name":"(anonymous_5)","decl":{"start":{"line":73,"column":29},"end":{"line":73,"column":30}},"loc":{"start":{"line":73,"column":47},"end":{"line":94,"column":3}}}},"branchMap":{"0":{"loc":{"start":{"line":33,"column":4},"end":{"line":35,"column":null}},"type":"if","locations":[{"start":{"line":33,"column":4},"end":{"line":35,"column":null}}]},"1":{"loc":{"start":{"line":46,"column":4},"end":{"line":48,"column":null}},"type":"if","locations":[{"start":{"line":46,"column":4},"end":{"line":48,"column":null}}]},"2":{"loc":{"start":{"line":61,"column":4},"end":{"line":63,"column":null}},"type":"if","locations":[{"start":{"line":61,"column":4},"end":{"line":63,"column":null}}]},"3":{"loc":{"start":{"line":67,"column":4},"end":{"line":69,"column":null}},"type":"if","locations":[{"start":{"line":67,"column":4},"end":{"line":69,"column":null}}]},"4":{"loc":{"start":{"line":74,"column":4},"end":{"line":76,"column":null}},"type":"if","locations":[{"start":{"line":74,"column":4},"end":{"line":76,"column":null}}]}},"s":{"0":4,"1":4,"2":4,"3":4,"4":4,"5":4,"6":5,"7":4,"8":2,"9":0,"10":2,"11":1,"12":0,"13":1,"14":1,"15":0,"16":1,"17":1,"18":0,"19":1,"20":0,"21":0,"22":0},"f":{"0":5,"1":2,"2":1,"3":1,"4":1,"5":0},"b":{"0":[0],"1":[0],"2":[0],"3":[0],"4":[0]}}
,"/Users/jamespierce/super-basic/open-source/airtabler/src/mocks/server.ts": {"path":"/Users/jamespierce/super-basic/open-source/airtabler/src/mocks/server.ts","statementMap":{"0":{"start":{"line":1,"column":0},"end":{"line":1,"column":39}},"1":{"start":{"line":2,"column":0},"end":{"line":2,"column":38}},"2":{"start":{"line":4,"column":13},"end":{"line":4,"column":47}}},"fnMap":{},"branchMap":{},"s":{"0":4,"1":4,"2":4},"f":{},"b":{}}
}
