TN:
SF:src/airtablerRequest.ts
FN:4,airtablerRequest
FNF:1
FNH:1
FNDA:5,airtablerRequest
DA:1,3
DA:4,3
DA:5,5
LF:3
LH:3
BRF:0
BRH:0
end_of_record
TN:
SF:src/baseUrl.ts
FN:1,baseUrl
FNF:1
FNH:1
FNDA:9,baseUrl
DA:1,4
DA:2,9
LF:2
LH:2
BRF:0
BRH:0
end_of_record
TN:
SF:src/index.ts
FN:6,(anonymous_0)
FNF:1
FNH:1
FNDA:2,(anonymous_0)
DA:1,2
DA:5,2
DA:7,2
DA:13,2
LF:4
LH:4
BRF:0
BRH:0
end_of_record
TN:
SF:src/model.ts
FN:11,all
FN:12,(anonymous_8)
FN:12,(anonymous_9)
FN:26,find
FN:27,(anonymous_11)
FN:27,(anonymous_12)
FN:38,model
FN:39,(anonymous_14)
FN:43,(anonymous_15)
FN:44,(anonymous_16)
FNF:10
FNH:10
FNDA:6,all
FNDA:2,(anonymous_8)
FNDA:2,(anonymous_9)
FNDA:6,find
FNDA:2,(anonymous_11)
FNDA:2,(anonymous_12)
FNDA:2,model
FNDA:6,(anonymous_14)
FNDA:1,(anonymous_15)
FNDA:1,(anonymous_16)
DA:1,2
DA:2,2
DA:12,6
DA:13,2
DA:14,2
DA:15,1
DA:18,1
DA:19,1
DA:21,1
DA:27,6
DA:28,2
DA:29,2
DA:30,1
DA:31,1
DA:33,1
DA:38,2
DA:39,2
DA:40,6
DA:42,6
DA:43,1
DA:44,1
LF:21
LH:21
BRF:0
BRH:0
end_of_record
TN:
SF:src/mocks/handlers.ts
FN:24,(anonymous_0)
FN:32,(anonymous_1)
FN:45,(anonymous_2)
FN:60,(anonymous_3)
FN:66,(anonymous_4)
FN:73,(anonymous_5)
FNF:6
FNH:5
FNDA:5,(anonymous_0)
FNDA:2,(anonymous_1)
FNDA:1,(anonymous_2)
FNDA:1,(anonymous_3)
FNDA:1,(anonymous_4)
FNDA:0,(anonymous_5)
DA:1,4
DA:3,4
DA:5,4
DA:7,4
DA:17,4
DA:24,4
DA:25,5
DA:31,4
DA:33,2
DA:34,0
DA:37,2
DA:46,1
DA:47,0
DA:50,1
DA:61,1
DA:62,0
DA:64,1
DA:67,1
DA:68,0
DA:71,1
DA:74,0
DA:75,0
DA:78,0
LF:23
LH:16
BRDA:33,0,0,0
BRDA:46,1,0,0
BRDA:61,2,0,0
BRDA:67,3,0,0
BRDA:74,4,0,0
BRF:5
BRH:0
end_of_record
TN:
SF:src/mocks/server.ts
FNF:0
FNH:0
DA:1,4
DA:2,4
DA:4,4
LF:3
LH:3
BRF:0
BRH:0
end_of_record
